-------------------------------------------------------------------------------
Test set: com.mycompany.app.ClienteTest
-------------------------------------------------------------------------------
Tests run: 5, Failures: 0, Errors: 5, Skipped: 0, Time elapsed: 0.002 s <<< FAILURE! - in com.mycompany.app.ClienteTest
testObtenerDescuento(com.mycompany.app.ClienteTest)  Time elapsed: 0 s  <<< ERROR!
java.lang.Error: 
Unresolved compilation problem: 
	The constructor Cliente(String, String, String, String, String) is undefined

	at com.mycompany.app.ClienteTest.setUp(ClienteTest.java:16)

testPreferenciaContacto(com.mycompany.app.ClienteTest)  Time elapsed: 0 s  <<< ERROR!
java.lang.Error: 
Unresolved compilation problem: 
	The constructor Cliente(String, String, String, String, String) is undefined

	at com.mycompany.app.ClienteTest.setUp(ClienteTest.java:16)

testObtenerAumento(com.mycompany.app.ClienteTest)  Time elapsed: 0 s  <<< ERROR!
java.lang.Error: 
Unresolved compilation problem: 
	The constructor Cliente(String, String, String, String, String) is undefined

	at com.mycompany.app.ClienteTest.setUp(ClienteTest.java:16)

testGetNombreCompleto(com.mycompany.app.ClienteTest)  Time elapsed: 0 s  <<< ERROR!
java.lang.Error: 
Unresolved compilation problem: 
	The constructor Cliente(String, String, String, String, String) is undefined

	at com.mycompany.app.ClienteTest.setUp(ClienteTest.java:16)

testSinCambioEnPrecio(com.mycompany.app.ClienteTest)  Time elapsed: 0 s  <<< ERROR!
java.lang.Error: 
Unresolved compilation problem: 
	The constructor Cliente(String, String, String, String, String) is undefined

	at com.mycompany.app.ClienteTest.setUp(ClienteTest.java:16)

