-------------------------------------------------------------------------------
Test set: com.mycompany.app.HabitacionTest
-------------------------------------------------------------------------------
Tests run: 8, Failures: 0, Errors: 8, Skipped: 0, Time elapsed: 0.095 s <<< FAILURE! - in com.mycompany.app.HabitacionTest
testGetNumeroHabitacion(com.mycompany.app.HabitacionTest)  Time elapsed: 0.005 s  <<< ERROR!
java.lang.Error: 
Unresolved compilation problem: 
	The constructor Habitacion(int, int, String, double, String) is undefined

	at com.mycompany.app.HabitacionTest.setUp(HabitacionTest.java:13)

testSetDescripcion(com.mycompany.app.HabitacionTest)  Time elapsed: 0.003 s  <<< ERROR!
java.lang.Error: 
Unresolved compilation problem: 
	The constructor Habitacion(int, int, String, double, String) is undefined

	at com.mycompany.app.HabitacionTest.setUp(HabitacionTest.java:13)

testGetTipo(com.mycompany.app.HabitacionTest)  Time elapsed: 0.011 s  <<< ERROR!
java.lang.Error: 
Unresolved compilation problem: 
	The constructor Habitacion(int, int, String, double, String) is undefined

	at com.mycompany.app.HabitacionTest.setUp(HabitacionTest.java:13)

testGetDescripcion(com.mycompany.app.HabitacionTest)  Time elapsed: 0.016 s  <<< ERROR!
java.lang.Error: 
Unresolved compilation problem: 
	The constructor Habitacion(int, int, String, double, String) is undefined

	at com.mycompany.app.HabitacionTest.setUp(HabitacionTest.java:13)

testSetPrecio(com.mycompany.app.HabitacionTest)  Time elapsed: 0.002 s  <<< ERROR!
java.lang.Error: 
Unresolved compilation problem: 
	The constructor Habitacion(int, int, String, double, String) is undefined

	at com.mycompany.app.HabitacionTest.setUp(HabitacionTest.java:13)

testSetNumeroHabitacion(com.mycompany.app.HabitacionTest)  Time elapsed: 0.001 s  <<< ERROR!
java.lang.Error: 
Unresolved compilation problem: 
	The constructor Habitacion(int, int, String, double, String) is undefined

	at com.mycompany.app.HabitacionTest.setUp(HabitacionTest.java:13)

testGetPrecio(com.mycompany.app.HabitacionTest)  Time elapsed: 0.001 s  <<< ERROR!
java.lang.Error: 
Unresolved compilation problem: 
	The constructor Habitacion(int, int, String, double, String) is undefined

	at com.mycompany.app.HabitacionTest.setUp(HabitacionTest.java:13)

testSetTipo(com.mycompany.app.HabitacionTest)  Time elapsed: 0 s  <<< ERROR!
java.lang.Error: 
Unresolved compilation problem: 
	The constructor Habitacion(int, int, String, double, String) is undefined

	at com.mycompany.app.HabitacionTest.setUp(HabitacionTest.java:13)

