<?xml version="1.0" encoding="UTF-8"?>
<testsuite xmlns:xsi="http://www.w3.org/2001/XMLSchema-instance" xsi:noNamespaceSchemaLocation="https://maven.apache.org/surefire/maven-surefire-plugin/xsd/surefire-test-report.xsd" name="com.mycompany.app.HabitacionTest" time="0.095" tests="8" errors="8" skipped="0" failures="0">
  <properties>
    <property name="java.specification.version" value="21"/>
    <property name="sun.jnu.encoding" value="UTF-8"/>
    <property name="java.class.path" value="/Users/ivanlevy/Desktop/tpo-martes/my-app/target/test-classes:/Users/ivanlevy/Desktop/tpo-martes/my-app/target/classes:/Users/ivanlevy/.m2/repository/junit/junit/4.13.2/junit-4.13.2.jar:/Users/ivanlevy/.m2/repository/org/hamcrest/hamcrest-core/1.3/hamcrest-core-1.3.jar:/Users/ivanlevy/.m2/repository/org/mockito/mockito-core/3.11.2/mockito-core-3.11.2.jar:/Users/ivanlevy/.m2/repository/net/bytebuddy/byte-buddy/1.11.3/byte-buddy-1.11.3.jar:/Users/ivanlevy/.m2/repository/net/bytebuddy/byte-buddy-agent/1.11.3/byte-buddy-agent-1.11.3.jar:/Users/ivanlevy/.m2/repository/org/objenesis/objenesis/3.2/objenesis-3.2.jar:/Users/ivanlevy/.m2/repository/org/junit/jupiter/junit-jupiter-api/5.7.0/junit-jupiter-api-5.7.0.jar:/Users/ivanlevy/.m2/repository/org/apiguardian/apiguardian-api/1.1.0/apiguardian-api-1.1.0.jar:/Users/ivanlevy/.m2/repository/org/opentest4j/opentest4j/1.2.0/opentest4j-1.2.0.jar:/Users/ivanlevy/.m2/repository/org/junit/platform/junit-platform-commons/1.7.0/junit-platform-commons-1.7.0.jar:"/>
    <property name="java.vm.vendor" value="Homebrew"/>
    <property name="sun.arch.data.model" value="64"/>
    <property name="java.vendor.url" value="https://github.com/Homebrew/homebrew-core/issues"/>
    <property name="os.name" value="Mac OS X"/>
    <property name="java.vm.specification.version" value="21"/>
    <property name="sun.java.launcher" value="SUN_STANDARD"/>
    <property name="user.country" value="AR"/>
    <property name="sun.boot.library.path" value="/usr/local/Cellar/openjdk/21.0.3/libexec/openjdk.jdk/Contents/Home/lib"/>
    <property name="sun.java.command" value="/Users/ivanlevy/Desktop/tpo-martes/my-app/target/surefire/surefirebooter188331115898192765.jar /Users/ivanlevy/Desktop/tpo-martes/my-app/target/surefire 2024-06-25T09-02-52_235-jvmRun1 surefire5604171491692598703tmp surefire_011847855697324222989tmp"/>
    <property name="http.nonProxyHosts" value="local|*.local|169.254/16|*.169.254/16"/>
    <property name="jdk.debug" value="release"/>
    <property name="surefire.test.class.path" value="/Users/ivanlevy/Desktop/tpo-martes/my-app/target/test-classes:/Users/ivanlevy/Desktop/tpo-martes/my-app/target/classes:/Users/ivanlevy/.m2/repository/junit/junit/4.13.2/junit-4.13.2.jar:/Users/ivanlevy/.m2/repository/org/hamcrest/hamcrest-core/1.3/hamcrest-core-1.3.jar:/Users/ivanlevy/.m2/repository/org/mockito/mockito-core/3.11.2/mockito-core-3.11.2.jar:/Users/ivanlevy/.m2/repository/net/bytebuddy/byte-buddy/1.11.3/byte-buddy-1.11.3.jar:/Users/ivanlevy/.m2/repository/net/bytebuddy/byte-buddy-agent/1.11.3/byte-buddy-agent-1.11.3.jar:/Users/ivanlevy/.m2/repository/org/objenesis/objenesis/3.2/objenesis-3.2.jar:/Users/ivanlevy/.m2/repository/org/junit/jupiter/junit-jupiter-api/5.7.0/junit-jupiter-api-5.7.0.jar:/Users/ivanlevy/.m2/repository/org/apiguardian/apiguardian-api/1.1.0/apiguardian-api-1.1.0.jar:/Users/ivanlevy/.m2/repository/org/opentest4j/opentest4j/1.2.0/opentest4j-1.2.0.jar:/Users/ivanlevy/.m2/repository/org/junit/platform/junit-platform-commons/1.7.0/junit-platform-commons-1.7.0.jar:"/>
    <property name="sun.cpu.endian" value="little"/>
    <property name="user.home" value="/Users/ivanlevy"/>
    <property name="user.language" value="en"/>
    <property name="java.specification.vendor" value="Oracle Corporation"/>
    <property name="java.version.date" value="2024-04-16"/>
    <property name="java.home" value="/usr/local/Cellar/openjdk/21.0.3/libexec/openjdk.jdk/Contents/Home"/>
    <property name="file.separator" value="/"/>
    <property name="basedir" value="/Users/ivanlevy/Desktop/tpo-martes/my-app"/>
    <property name="java.vm.compressedOopsMode" value="Zero based"/>
    <property name="line.separator" value="&#10;"/>
    <property name="java.vm.specification.vendor" value="Oracle Corporation"/>
    <property name="java.specification.name" value="Java Platform API Specification"/>
    <property name="apple.awt.application.name" value="ForkedBooter"/>
    <property name="surefire.real.class.path" value="/Users/ivanlevy/Desktop/tpo-martes/my-app/target/surefire/surefirebooter188331115898192765.jar"/>
    <property name="sun.management.compiler" value="HotSpot 64-Bit Tiered Compilers"/>
    <property name="ftp.nonProxyHosts" value="local|*.local|169.254/16|*.169.254/16"/>
    <property name="java.runtime.version" value="21.0.3"/>
    <property name="user.name" value="ivanlevy"/>
    <property name="stdout.encoding" value="UTF-8"/>
    <property name="path.separator" value=":"/>
    <property name="os.version" value="12.7.5"/>
    <property name="java.runtime.name" value="OpenJDK Runtime Environment"/>
    <property name="file.encoding" value="UTF-8"/>
    <property name="java.vm.name" value="OpenJDK 64-Bit Server VM"/>
    <property name="java.vendor.version" value="Homebrew"/>
    <property name="localRepository" value="/Users/ivanlevy/.m2/repository"/>
    <property name="java.vendor.url.bug" value="https://github.com/Homebrew/homebrew-core/issues"/>
    <property name="java.io.tmpdir" value="/var/folders/d7/fj7mrtzx2_z_7n79b2s425sh0000gn/T/"/>
    <property name="java.version" value="21.0.3"/>
    <property name="user.dir" value="/Users/ivanlevy/Desktop/tpo-martes/my-app"/>
    <property name="os.arch" value="x86_64"/>
    <property name="java.vm.specification.name" value="Java Virtual Machine Specification"/>
    <property name="native.encoding" value="UTF-8"/>
    <property name="java.library.path" value="/Users/ivanlevy/Library/Java/Extensions:/Library/Java/Extensions:/Network/Library/Java/Extensions:/System/Library/Java/Extensions:/usr/lib/java:."/>
    <property name="java.vm.info" value="mixed mode, sharing"/>
    <property name="stderr.encoding" value="UTF-8"/>
    <property name="java.vendor" value="Homebrew"/>
    <property name="java.vm.version" value="21.0.3"/>
    <property name="sun.io.unicode.encoding" value="UnicodeBig"/>
    <property name="socksNonProxyHosts" value="local|*.local|169.254/16|*.169.254/16"/>
    <property name="java.class.version" value="65.0"/>
  </properties>
  <testcase name="testGetNumeroHabitacion" classname="com.mycompany.app.HabitacionTest" time="0.005">
    <error message="Unresolved compilation problem: &#10;	The constructor Habitacion(int, int, String, double, String) is undefined&#10;" type="java.lang.Error">java.lang.Error: 
Unresolved compilation problem: 
	The constructor Habitacion(int, int, String, double, String) is undefined

	at com.mycompany.app.HabitacionTest.setUp(HabitacionTest.java:13)
</error>
  </testcase>
  <testcase name="testSetDescripcion" classname="com.mycompany.app.HabitacionTest" time="0.003">
    <error message="Unresolved compilation problem: &#10;	The constructor Habitacion(int, int, String, double, String) is undefined&#10;" type="java.lang.Error">java.lang.Error: 
Unresolved compilation problem: 
	The constructor Habitacion(int, int, String, double, String) is undefined

	at com.mycompany.app.HabitacionTest.setUp(HabitacionTest.java:13)
</error>
  </testcase>
  <testcase name="testGetTipo" classname="com.mycompany.app.HabitacionTest" time="0.011">
    <error message="Unresolved compilation problem: &#10;	The constructor Habitacion(int, int, String, double, String) is undefined&#10;" type="java.lang.Error">java.lang.Error: 
Unresolved compilation problem: 
	The constructor Habitacion(int, int, String, double, String) is undefined

	at com.mycompany.app.HabitacionTest.setUp(HabitacionTest.java:13)
</error>
  </testcase>
  <testcase name="testGetDescripcion" classname="com.mycompany.app.HabitacionTest" time="0.016">
    <error message="Unresolved compilation problem: &#10;	The constructor Habitacion(int, int, String, double, String) is undefined&#10;" type="java.lang.Error">java.lang.Error: 
Unresolved compilation problem: 
	The constructor Habitacion(int, int, String, double, String) is undefined

	at com.mycompany.app.HabitacionTest.setUp(HabitacionTest.java:13)
</error>
  </testcase>
  <testcase name="testSetPrecio" classname="com.mycompany.app.HabitacionTest" time="0.002">
    <error message="Unresolved compilation problem: &#10;	The constructor Habitacion(int, int, String, double, String) is undefined&#10;" type="java.lang.Error">java.lang.Error: 
Unresolved compilation problem: 
	The constructor Habitacion(int, int, String, double, String) is undefined

	at com.mycompany.app.HabitacionTest.setUp(HabitacionTest.java:13)
</error>
  </testcase>
  <testcase name="testSetNumeroHabitacion" classname="com.mycompany.app.HabitacionTest" time="0.001">
    <error message="Unresolved compilation problem: &#10;	The constructor Habitacion(int, int, String, double, String) is undefined&#10;" type="java.lang.Error">java.lang.Error: 
Unresolved compilation problem: 
	The constructor Habitacion(int, int, String, double, String) is undefined

	at com.mycompany.app.HabitacionTest.setUp(HabitacionTest.java:13)
</error>
  </testcase>
  <testcase name="testGetPrecio" classname="com.mycompany.app.HabitacionTest" time="0.001">
    <error message="Unresolved compilation problem: &#10;	The constructor Habitacion(int, int, String, double, String) is undefined&#10;" type="java.lang.Error">java.lang.Error: 
Unresolved compilation problem: 
	The constructor Habitacion(int, int, String, double, String) is undefined

	at com.mycompany.app.HabitacionTest.setUp(HabitacionTest.java:13)
</error>
  </testcase>
  <testcase name="testSetTipo" classname="com.mycompany.app.HabitacionTest" time="0">
    <error message="Unresolved compilation problem: &#10;	The constructor Habitacion(int, int, String, double, String) is undefined&#10;" type="java.lang.Error">java.lang.Error: 
Unresolved compilation problem: 
	The constructor Habitacion(int, int, String, double, String) is undefined

	at com.mycompany.app.HabitacionTest.setUp(HabitacionTest.java:13)
</error>
  </testcase>
</testsuite>