<?xml version="1.0" encoding="UTF-8"?>
<testsuite xmlns:xsi="http://www.w3.org/2001/XMLSchema-instance" xsi:noNamespaceSchemaLocation="https://maven.apache.org/surefire/maven-surefire-plugin/xsd/surefire-test-report.xsd" name="com.mycompany.app.HabitacionTest" time="0.095" tests="8" errors="8" skipped="0" failures="0">
  <properties>
[...]
</properties>
  <testcase name="testGetNumeroHabitacion" classname="com.mycompany.app.HabitacionTest" time="0.005">
    <error message="Unresolved compilation problem: &#10;	The constructor Habitacion(int, int, String, double, String) is undefined&#10;" type="java.lang.Error">java.lang.Error: 
Unresolved compilation problem: 
	The constructor Habitacion(int, int, String, double, String) is undefined

	at com.mycompany.app.HabitacionTest.setUp(HabitacionTest.java:13)
</error>
  </testcase>
  <testcase name="testSetDescripcion" classname="com.mycompany.app.HabitacionTest" time="0.003">
    <error message="Unresolved compilation problem: &#10;	The constructor Habitacion(int, int, String, double, String) is undefined&#10;" type="java.lang.Error">java.lang.Error: 
Unresolved compilation problem: 
	The constructor Habitacion(int, int, String, double, String) is undefined

	at com.mycompany.app.HabitacionTest.setUp(HabitacionTest.java:13)
</error>
  </testcase>
  <testcase name="testGetTipo" classname="com.mycompany.app.HabitacionTest" time="0.011">
    <error message="Unresolved compilation problem: &#10;	The constructor Habitacion(int, int, String, double, String) is undefined&#10;" type="java.lang.Error">java.lang.Error: 
Unresolved compilation problem: 
	The constructor Habitacion(int, int, String, double, String) is undefined

	at com.mycompany.app.HabitacionTest.setUp(HabitacionTest.java:13)
</error>
  </testcase>
  <testcase name="testGetDescripcion" classname="com.mycompany.app.HabitacionTest" time="0.016">
    <error message="Unresolved compilation problem: &#10;	The constructor Habitacion(int, int, String, double, String) is undefined&#10;" type="java.lang.Error">java.lang.Error: 
Unresolved compilation problem: 
	The constructor Habitacion(int, int, String, double, String) is undefined

	at com.mycompany.app.HabitacionTest.setUp(HabitacionTest.java:13)
</error>
  </testcase>
  <testcase name="testSetPrecio" classname="com.mycompany.app.HabitacionTest" time="0.002">
    <error message="Unresolved compilation problem: &#10;	The constructor Habitacion(int, int, String, double, String) is undefined&#10;" type="java.lang.Error">java.lang.Error: 
Unresolved compilation problem: 
	The constructor Habitacion(int, int, String, double, String) is undefined

	at com.mycompany.app.HabitacionTest.setUp(HabitacionTest.java:13)
</error>
  </testcase>
  <testcase name="testSetNumeroHabitacion" classname="com.mycompany.app.HabitacionTest" time="0.001">
    <error message="Unresolved compilation problem: &#10;	The constructor Habitacion(int, int, String, double, String) is undefined&#10;" type="java.lang.Error">java.lang.Error: 
Unresolved compilation problem: 
	The constructor Habitacion(int, int, String, double, String) is undefined

	at com.mycompany.app.HabitacionTest.setUp(HabitacionTest.java:13)
</error>
  </testcase>
  <testcase name="testGetPrecio" classname="com.mycompany.app.HabitacionTest" time="0.001">
    <error message="Unresolved compilation problem: &#10;	The constructor Habitacion(int, int, String, double, String) is undefined&#10;" type="java.lang.Error">java.lang.Error: 
Unresolved compilation problem: 
	The constructor Habitacion(int, int, String, double, String) is undefined

	at com.mycompany.app.HabitacionTest.setUp(HabitacionTest.java:13)
</error>
  </testcase>
  <testcase name="testSetTipo" classname="com.mycompany.app.HabitacionTest" time="0">
    <error message="Unresolved compilation problem: &#10;	The constructor Habitacion(int, int, String, double, String) is undefined&#10;" type="java.lang.Error">java.lang.Error: 
Unresolved compilation problem: 
	The constructor Habitacion(int, int, String, double, String) is undefined

	at com.mycompany.app.HabitacionTest.setUp(HabitacionTest.java:13)
</error>
  </testcase>
</testsuite>